   310.6ms (setup:1108): 2025-07-27 03:39:57
   310.7ms (setup:1109): /usr/bin/pipx install pyinstaller
   310.8ms (setup:1110): pipx version is 1.7.1
   310.8ms (setup:1111): Default python interpreter is '/usr/bin/python3.13'
   311.0ms (mkdir:76): creating directory /home/joshua-owan/.local/share/pipx/venvs
   312.9ms (mkdir:76): creating directory /home/joshua-owan/.local/share/man
   313.5ms (mkdir:76): creating directory /home/joshua-owan/.cache/pipx
   315.8ms (mkdir:76): creating directory /home/joshua-owan/.local/share/pipx/py
   316.4ms (setup:1125): Adding CACHEDIR.TAG to cache directory
   316.7ms (setup:1125): Adding CACHEDIR.TAG to cache directory
   318.0ms (package_name_from_spec:378): Determined package name: pyinstaller
   318.1ms (package_name_from_spec:379): Package name determined in 0.0s
   318.4ms (create_venv:164): Creating virtual environment
   319.4ms (run_subprocess:175): running /usr/bin/python3.13 -m venv --without-pip /home/joshua-owan/.local/share/pipx/venvs/pyinstaller
   410.8ms (run_subprocess:195): stdout:
   410.8ms (run_subprocess:197): stderr:
   410.9ms (run_subprocess:198): returncode: 0
   413.1ms (run_subprocess:175): running /usr/bin/python3.13 -m venv --clear /home/joshua-owan/.local/share/pipx/shared
  4218.5ms (run_subprocess:195): stdout:
  4218.6ms (run_subprocess:197): stderr:
  4218.6ms (run_subprocess:198): returncode: 0
  4219.9ms (run_subprocess:175): running <checking pip's availability>
  4244.9ms (run_subprocess:195): stdout: ModuleSpec(name='pip', loader=<_frozen_importlib_external.SourceFileLoader object at 0x76dd38cff150>, origin='/home/joshua-owan/.local/share/pipx/shared/lib/python3.13/site-packages/pip/__init__.py', submodule_search_locations=['/home/joshua-owan/.local/share/pipx/shared/lib/python3.13/site-packages/pip'])
  4245.0ms (run_subprocess:198): returncode: 0
  4245.3ms (upgrade:119): Upgrading shared libraries in /home/joshua-owan/.local/share/pipx/shared
  4246.1ms (run_subprocess:175): running /home/joshua-owan/.local/share/pipx/shared/bin/python -m pip --no-input --disable-pip-version-check install --force-reinstall -q --upgrade pip >= 23.1
  8725.4ms (run_subprocess:195): stdout:
  8725.5ms (run_subprocess:197): stderr:
  8725.5ms (run_subprocess:198): returncode: 0
  8726.3ms (run_subprocess:175): running /home/joshua-owan/.local/share/pipx/venvs/pyinstaller/bin/python -c import sysconfig; print(sysconfig.get_path('purelib'))
  8755.6ms (run_subprocess:195): stdout: /home/joshua-owan/.local/share/pipx/venvs/pyinstaller/lib/python3.13/site-packages
  8755.8ms (run_subprocess:198): returncode: 0
  8756.5ms (run_subprocess:175): running /home/joshua-owan/.local/share/pipx/shared/bin/python -c import sysconfig; print(sysconfig.get_path('purelib'))
  8786.4ms (run_subprocess:195): stdout: /home/joshua-owan/.local/share/pipx/shared/lib/python3.13/site-packages
  8786.5ms (run_subprocess:198): returncode: 0
  8787.0ms (run_subprocess:175): running /home/joshua-owan/.local/share/pipx/venvs/pyinstaller/bin/python --version
  8791.1ms (run_subprocess:195): stdout: Python 3.13.3
  8791.2ms (run_subprocess:197): stderr:
  8791.3ms (run_subprocess:198): returncode: 0
  8791.5ms (_parsed_package_to_package_or_url:139): cleaned package spec: pyinstaller
  8791.6ms (install_package:247): Installing pyinstaller
  8792.4ms (run_subprocess:175): running /home/joshua-owan/.local/share/pipx/venvs/pyinstaller/bin/python -m pip --no-input install pyinstaller
 16856.3ms (run_subprocess:198): returncode: 0
 16857.0ms (run_subprocess:175): running <fetch_info_in_venv commands>
 16900.3ms (run_subprocess:195): stdout: {"sys_path": ["/usr/lib/python313.zip", "/usr/lib/python3.13", "/usr/lib/python3.13/lib-dynload", "/home/joshua-owan/.local/share/pipx/venvs/pyinstaller/lib/python3.13/site-packages", "/home/joshua-owan/.local/share/pipx/shared/lib/python3.13/site-packages"], "python_version": "3.13.3", "environment": {"implementation_name": "cpython", "implementation_version": "3.13.3", "os_name": "posix", "platform_machine": "x86_64", "platform_release": "6.6.87.2-microsoft-standard-WSL2", "platform_system": "Linux", "platform_version": "#1 SMP PREEMPT_DYNAMIC Thu Jun  5 18:30:46 UTC 2025", "python_full_version": "3.13.3", "platform_python_implementation": "CPython", "python_version": "3.13", "sys_platform": "linux"}}
 16900.4ms (run_subprocess:198): returncode: 0
 17042.7ms (get_venv_metadata_for_package:351): get_venv_metadata_for_package: 186ms
 17042.9ms (_parsed_package_to_package_or_url:139): cleaned package spec: pyinstaller
 17415.5ms (cli:1187): pipx finished.
